c:\users\glory\source\repos\baekjoon_algorithm\x64\debug\vc143.pdb
c:\users\glory\source\repos\baekjoon_algorithm\x64\debug\vc143.idb
c:\users\glory\source\repos\baekjoon_algorithm\x64\debug\10250.obj
c:\users\glory\source\repos\baekjoon_algorithm\x64\debug\2743.obj
c:\users\glory\source\repos\baekjoon_algorithm\x64\debug\11659.obj
c:\users\glory\source\repos\baekjoon_algorithm\x64\debug\18258.obj
c:\users\glory\source\repos\baekjoon_algorithm\x64\debug\2164.obj
c:\users\glory\source\repos\baekjoon_algorithm\x64\debug\11866.obj
c:\users\glory\source\repos\baekjoon_algorithm\x64\debug\2775.obj
c:\users\glory\source\repos\baekjoon_algorithm\x64\debug\1966.obj
c:\users\glory\source\repos\baekjoon_algorithm\x64\debug\1032.obj
c:\users\glory\source\repos\baekjoon_algorithm\x64\debug\baekjoon_algorithm.exe
c:\users\glory\source\repos\baekjoon_algorithm\x64\debug\baekjoon_algorithm.ilk
c:\users\glory\source\repos\baekjoon_algorithm\x64\debug\baekjoon_algorithm.pdb
c:\users\glory\source\repos\baekjoon_algorithm\x64\debug\9012.obj
c:\users\glory\source\repos\baekjoon_algorithm\x64\debug\baekjoon.803a5200.tlog\cl.command.1.tlog
c:\users\glory\source\repos\baekjoon_algorithm\x64\debug\baekjoon.803a5200.tlog\cl.read.1.tlog
c:\users\glory\source\repos\baekjoon_algorithm\x64\debug\baekjoon.803a5200.tlog\cl.write.1.tlog
c:\users\glory\source\repos\baekjoon_algorithm\x64\debug\baekjoon.803a5200.tlog\link.command.1.tlog
c:\users\glory\source\repos\baekjoon_algorithm\x64\debug\baekjoon.803a5200.tlog\link.read.1.tlog
c:\users\glory\source\repos\baekjoon_algorithm\x64\debug\baekjoon.803a5200.tlog\link.write.1.tlog
